2025-06-08 16:25:42 - User: Anonymous - Path: /admin/
2025-06-08 16:25:42 - User: Anonymous - Path: /admin/login/
2025-06-08 16:45:20 - User: Anonymous - Path: /messaging/
2025-06-08 16:47:17 - User: Anonymous - Path: /admin/
2025-06-08 16:47:17 - User: Anonymous - Path: /admin/login/
C:\Users\pc\Desktop\alx\alx-backend-python\Django-Middleware-0x03\Django_Middleware_0x03\settings.py changed, reloading.
C:\Users\pc\Desktop\alx\alx-backend-python\Django-Middleware-0x03\Django_Middleware_0x03\settings.py changed, reloading.
C:\Users\pc\Desktop\alx\alx-backend-python\Django-Middleware-0x03\Django_Middleware_0x03\settings.py changed, reloading.
C:\Users\pc\Desktop\alx\alx-backend-python\Django-Middleware-0x03\Django_Middleware_0x03\settings.py changed, reloading.
C:\Users\pc\Desktop\alx\alx-backend-python\Django-Middleware-0x03\Django_Middleware_0x03\settings.py changed, reloading.
C:\Users\pc\Desktop\alx\alx-backend-python\Django-Middleware-0x03\Django_Middleware_0x03\settings.py changed, reloading.
C:\Users\pc\Desktop\alx\alx-backend-python\Django-Middleware-0x03\Django_Middleware_0x03\settings.py changed, reloading.
C:\Users\pc\Desktop\alx\alx-backend-python\Django-Middleware-0x03\Django_Middleware_0x03\settings.py changed, reloading.
C:\Users\pc\Desktop\alx\alx-backend-python\Django-Middleware-0x03\Django_Middleware_0x03\settings.py changed, reloading.
C:\Users\pc\Desktop\alx\alx-backend-python\Django-Middleware-0x03\chats\middleware.py changed, reloading.
C:\Users\pc\Desktop\alx\alx-backend-python\Django-Middleware-0x03\chats\middleware.py changed, reloading.
C:\Users\pc\Desktop\alx\alx-backend-python\Django-Middleware-0x03\chats\middleware.py changed, reloading.
C:\Users\pc\Desktop\alx\alx-backend-python\Django-Middleware-0x03\chats\middleware.py changed, reloading.
C:\Users\pc\Desktop\alx\alx-backend-python\Django-Middleware-0x03\chats\middleware.py changed, reloading.
C:\Users\pc\Desktop\alx\alx-backend-python\Django-Middleware-0x03\chats\middleware.py changed, reloading.
C:\Users\pc\Desktop\alx\alx-backend-python\Django-Middleware-0x03\chats\middleware.py changed, reloading.
C:\Users\pc\Desktop\alx\alx-backend-python\Django-Middleware-0x03\chats\middleware.py changed, reloading.
C:\Users\pc\Desktop\alx\alx-backend-python\Django-Middleware-0x03\chats\middleware.py changed, reloading.
C:\Users\pc\Desktop\alx\alx-backend-python\Django-Middleware-0x03\chats\middleware.py changed, reloading.
C:\Users\pc\Desktop\alx\alx-backend-python\Django-Middleware-0x03\chats\middleware.py changed, reloading.
C:\Users\pc\Desktop\alx\alx-backend-python\Django-Middleware-0x03\chats\middleware.py changed, reloading.
C:\Users\pc\Desktop\alx\alx-backend-python\Django-Middleware-0x03\chats\middleware.py changed, reloading.
C:\Users\pc\Desktop\alx\alx-backend-python\Django-Middleware-0x03\chats\middleware.py changed, reloading.
C:\Users\pc\Desktop\alx\alx-backend-python\Django-Middleware-0x03\chats\middleware.py changed, reloading.
C:\Users\pc\Desktop\alx\alx-backend-python\Django-Middleware-0x03\chats\middleware.py changed, reloading.
C:\Users\pc\Desktop\alx\alx-backend-python\Django-Middleware-0x03\chats\middleware.py changed, reloading.
C:\Users\pc\Desktop\alx\alx-backend-python\Django-Middleware-0x03\chats\middleware.py changed, reloading.
C:\Users\pc\Desktop\alx\alx-backend-python\Django-Middleware-0x03\chats\middleware.py changed, reloading.
C:\Users\pc\Desktop\alx\alx-backend-python\Django-Middleware-0x03\Django_Middleware_0x03\settings.py changed, reloading.
C:\Users\pc\Desktop\alx\alx-backend-python\Django-Middleware-0x03\Django_Middleware_0x03\settings.py changed, reloading.
C:\Users\pc\Desktop\alx\alx-backend-python\Django-Middleware-0x03\Django_Middleware_0x03\settings.py changed, reloading.
C:\Users\pc\Desktop\alx\alx-backend-python\Django-Middleware-0x03\Django_Middleware_0x03\settings.py changed, reloading.
C:\Users\pc\Desktop\alx\alx-backend-python\Django-Middleware-0x03\Django_Middleware_0x03\settings.py changed, reloading.
C:\Users\pc\Desktop\alx\alx-backend-python\Django-Middleware-0x03\Django_Middleware_0x03\settings.py changed, reloading.
C:\Users\pc\Desktop\alx\alx-backend-python\Django-Middleware-0x03\Django_Middleware_0x03\settings.py changed, reloading.
C:\Users\pc\Desktop\alx\alx-backend-python\Django-Middleware-0x03\Django_Middleware_0x03\settings.py changed, reloading.
C:\Users\pc\Desktop\alx\alx-backend-python\Django-Middleware-0x03\Django_Middleware_0x03\settings.py changed, reloading.
C:\Users\pc\Desktop\alx\alx-backend-python\Django-Middleware-0x03\Django_Middleware_0x03\settings.py changed, reloading.
C:\Users\pc\Desktop\alx\alx-backend-python\Django-Middleware-0x03\chats\middleware.py changed, reloading.
C:\Users\pc\Desktop\alx\alx-backend-python\Django-Middleware-0x03\chats\middleware.py changed, reloading.
C:\Users\pc\Desktop\alx\alx-backend-python\Django-Middleware-0x03\chats\middleware.py changed, reloading.
C:\Users\pc\Desktop\alx\alx-backend-python\Django-Middleware-0x03\chats\middleware.py changed, reloading.
C:\Users\pc\Desktop\alx\alx-backend-python\Django-Middleware-0x03\chats\middleware.py changed, reloading.
C:\Users\pc\Desktop\alx\alx-backend-python\Django-Middleware-0x03\chats\middleware.py changed, reloading.
C:\Users\pc\Desktop\alx\alx-backend-python\Django-Middleware-0x03\chats\middleware.py changed, reloading.
C:\Users\pc\Desktop\alx\alx-backend-python\Django-Middleware-0x03\chats\middleware.py changed, reloading.
C:\Users\pc\Desktop\alx\alx-backend-python\Django-Middleware-0x03\chats\middleware.py changed, reloading.
C:\Users\pc\Desktop\alx\alx-backend-python\Django-Middleware-0x03\chats\middleware.py changed, reloading.
